<?xml version="1.0" encoding="UTF-8"?>
<testsuite xmlns:xsi="http://www.w3.org/2001/XMLSchema-instance" xsi:noNamespaceSchemaLocation="https://maven.apache.org/surefire/maven-surefire-plugin/xsd/surefire-test-report-3.0.xsd" version="3.0" name="TestCases.CalculatorTest" time="0.113" tests="4" errors="0" skipped="0" failures="0">
  <properties>
[...]
</properties>
  <testcase name="testAdd" classname="TestCases.CalculatorTest" time="0.009"/>
  <testcase name="testDiv" classname="TestCases.CalculatorTest" time="0"/>
  <testcase name="testMul" classname="TestCases.CalculatorTest" time="0"/>
  <testcase name="testSub" classname="TestCases.CalculatorTest" time="0"/>
</testsuite>